<?xml version="1.0" encoding="UTF-8"?>
<testng-results skipped="0" failed="0" ignored="0" total="1" passed="1">
  <reporter-output>
  </reporter-output>
  <suite name="Suite" duration-ms="58508" started-at="2021-01-07T01:58:36Z" finished-at="2021-01-07T01:59:34Z">
    <groups>
    </groups>
    <test name="Test" duration-ms="58508" started-at="2021-01-07T01:58:36Z" finished-at="2021-01-07T01:59:34Z">
      <class name="org.iit.healthcare.mmp.patientmodule.tests.ScheduleAppointmentTests">
        <test-method status="PASS" signature="instantiateDriver()[pri:0, instance:org.iit.healthcare.mmp.patientmodule.tests.ScheduleAppointmentTests@66a3ffec]" name="instantiateDriver" is-config="true" duration-ms="31999" started-at="2021-01-07T01:58:36Z" finished-at="2021-01-07T01:59:08Z">
          <reporter-output>
          </reporter-output>
        </test-method> <!-- instantiateDriver -->
        <test-method status="PASS" signature="validateScheduleAppointment()[pri:0, instance:org.iit.healthcare.mmp.patientmodule.tests.ScheduleAppointmentTests@66a3ffec]" name="validateScheduleAppointment" duration-ms="25730" started-at="2021-01-07T01:59:09Z" finished-at="2021-01-07T01:59:34Z">
          <reporter-output>
          </reporter-output>
        </test-method> <!-- validateScheduleAppointment -->
      </class> <!-- org.iit.healthcare.mmp.patientmodule.tests.ScheduleAppointmentTests -->
    </test> <!-- Test -->
  </suite> <!-- Suite -->
</testng-results>
